[2024-05-10 11:39:03] local.INFO: File : C:\htdocs\arter2\App\Http\Controllers\CounterController.php created  
[2024-05-10 11:39:03] local.INFO: File : C:\htdocs\arter2\App\Repositories\CounterRepository.php created  
[2024-05-10 11:39:03] local.INFO: File : C:\htdocs\arter2\App\Models\Counter.php created  
[2024-05-10 11:39:03] local.INFO: File : C:\htdocs\arter2\database\migrations\1715326743_create_counter_table.php created  
[2024-05-10 11:39:03] local.INFO: File : C:\htdocs\arter2\App\Http\Requests\\Counter\StoreCounterRequest.php created  
[2024-05-10 11:39:03] local.INFO: File : C:\htdocs\arter2\App\Http\Requests\\Counter\UpdateCounterRequest.php created  
[2024-05-10 11:39:03] local.INFO: File : C:\htdocs\arter2\resources\views\counter\index.blade.php created  
[2024-05-10 11:39:03] local.INFO: File : C:\htdocs\arter2\resources\views\counter\edit.blade.php created  
[2024-05-10 11:39:03] local.INFO: File : C:\htdocs\arter2\resources\views\counter\create.blade.php created  
[2024-05-10 11:40:49] local.INFO: File : C:\htdocs\arter2\App\Http\Controllers\AboutDetailController.php created  
[2024-05-10 11:40:49] local.INFO: File : C:\htdocs\arter2\App\Repositories\AboutDetailRepository.php created  
[2024-05-10 11:40:49] local.INFO: File : C:\htdocs\arter2\App\Models\AboutDetail.php created  
[2024-05-10 11:40:49] local.INFO: File : C:\htdocs\arter2\database\migrations\1715326849_create_aboutdetail_table.php created  
[2024-05-10 11:40:49] local.INFO: File : C:\htdocs\arter2\App\Http\Requests\\AboutDetail\StoreAboutDetailRequest.php created  
[2024-05-10 11:40:49] local.INFO: File : C:\htdocs\arter2\App\Http\Requests\\AboutDetail\UpdateAboutDetailRequest.php created  
[2024-05-10 11:40:49] local.INFO: File : C:\htdocs\arter2\resources\views\aboutdetail\index.blade.php created  
[2024-05-10 11:40:49] local.INFO: File : C:\htdocs\arter2\resources\views\aboutdetail\edit.blade.php created  
[2024-05-10 11:40:49] local.INFO: File : C:\htdocs\arter2\resources\views\aboutdetail\create.blade.php created  
[2024-05-10 11:43:05] local.INFO: File : C:\htdocs\arter2\App\Http\Controllers\HowItWorkController.php created  
[2024-05-10 11:43:05] local.INFO: File : C:\htdocs\arter2\App\Repositories\HowItWorkRepository.php created  
[2024-05-10 11:43:05] local.INFO: File : C:\htdocs\arter2\App\Models\HowItWork.php created  
[2024-05-10 11:43:05] local.INFO: File : C:\htdocs\arter2\database\migrations\1715326985_create_howitwork_table.php created  
[2024-05-10 11:43:05] local.INFO: File : C:\htdocs\arter2\App\Http\Requests\\HowItWork\StoreHowItWorkRequest.php created  
[2024-05-10 11:43:05] local.INFO: File : C:\htdocs\arter2\App\Http\Requests\\HowItWork\UpdateHowItWorkRequest.php created  
[2024-05-10 11:43:05] local.INFO: File : C:\htdocs\arter2\resources\views\howitwork\index.blade.php created  
[2024-05-10 11:43:05] local.INFO: File : C:\htdocs\arter2\resources\views\howitwork\edit.blade.php created  
[2024-05-10 11:43:05] local.INFO: File : C:\htdocs\arter2\resources\views\howitwork\create.blade.php created  
[2024-05-10 11:52:58] local.INFO: File : C:\htdocs\arter2\App\Http\Controllers\TagController.php created  
[2024-05-10 11:52:58] local.INFO: File : C:\htdocs\arter2\App\Repositories\TagRepository.php created  
[2024-05-10 11:52:58] local.INFO: File : C:\htdocs\arter2\App\Models\Tag.php created  
[2024-05-10 11:52:58] local.INFO: File : C:\htdocs\arter2\database\migrations\1715327578_create_tag_table.php created  
[2024-05-10 11:52:58] local.INFO: File : C:\htdocs\arter2\App\Http\Requests\\Tag\StoreTagRequest.php created  
[2024-05-10 11:52:58] local.INFO: File : C:\htdocs\arter2\App\Http\Requests\\Tag\UpdateTagRequest.php created  
[2024-05-10 11:52:58] local.INFO: File : C:\htdocs\arter2\resources\views\tag\index.blade.php created  
[2024-05-10 11:52:58] local.INFO: File : C:\htdocs\arter2\resources\views\tag\edit.blade.php created  
[2024-05-10 11:52:58] local.INFO: File : C:\htdocs\arter2\resources\views\tag\create.blade.php created  
[2024-05-10 11:54:56] local.INFO: File : C:\htdocs\arter2\App\Http\Controllers\BlogController.php created  
[2024-05-10 11:54:56] local.INFO: File : C:\htdocs\arter2\App\Repositories\BlogRepository.php created  
[2024-05-10 11:54:56] local.INFO: File : C:\htdocs\arter2\App\Models\Blog.php created  
[2024-05-10 11:54:56] local.INFO: File : C:\htdocs\arter2\database\migrations\1715327696_create_blog_table.php created  
[2024-05-10 11:54:56] local.INFO: File : C:\htdocs\arter2\App\Http\Requests\\Blog\StoreBlogRequest.php created  
[2024-05-10 11:54:56] local.INFO: File : C:\htdocs\arter2\App\Http\Requests\\Blog\UpdateBlogRequest.php created  
[2024-05-10 11:54:56] local.INFO: File : C:\htdocs\arter2\resources\views\blog\index.blade.php created  
[2024-05-10 11:54:56] local.INFO: File : C:\htdocs\arter2\resources\views\blog\edit.blade.php created  
[2024-05-10 11:54:56] local.INFO: File : C:\htdocs\arter2\resources\views\blog\create.blade.php created  
[2024-05-10 14:02:23] local.INFO: File : C:\htdocs\arter2\App\Http\Controllers\ContactController.php created  
[2024-05-10 14:02:23] local.INFO: File : C:\htdocs\arter2\App\Repositories\ContactRepository.php created  
[2024-05-10 14:02:23] local.INFO: File : C:\htdocs\arter2\App\Models\Contact.php created  
[2024-05-10 14:02:23] local.INFO: File : C:\htdocs\arter2\database\migrations\1715335343_create_contact_table.php created  
[2024-05-10 14:02:24] local.INFO: File : C:\htdocs\arter2\App\Http\Requests\\Contact\StoreContactRequest.php created  
[2024-05-10 14:02:24] local.INFO: File : C:\htdocs\arter2\App\Http\Requests\\Contact\UpdateContactRequest.php created  
[2024-05-10 14:02:24] local.INFO: File : C:\htdocs\arter2\resources\views\contact\index.blade.php created  
[2024-05-10 14:02:24] local.INFO: File : C:\htdocs\arter2\resources\views\contact\edit.blade.php created  
[2024-05-10 14:02:24] local.INFO: File : C:\htdocs\arter2\resources\views\contact\create.blade.php created  
[2024-05-10 14:03:22] local.INFO: File : C:\htdocs\arter2\App\Http\Controllers\MainInformationController.php created  
[2024-05-10 14:03:22] local.INFO: File : C:\htdocs\arter2\App\Repositories\MainInformationRepository.php created  
[2024-05-10 14:03:22] local.INFO: File : C:\htdocs\arter2\App\Models\MainInformation.php created  
[2024-05-10 14:03:22] local.INFO: File : C:\htdocs\arter2\database\migrations\1715335402_create_maininformation_table.php created  
[2024-05-10 14:03:22] local.INFO: File : C:\htdocs\arter2\App\Http\Requests\\MainInformation\StoreMainInformationRequest.php created  
[2024-05-10 14:03:22] local.INFO: File : C:\htdocs\arter2\App\Http\Requests\\MainInformation\UpdateMainInformationRequest.php created  
[2024-05-10 14:03:22] local.INFO: File : C:\htdocs\arter2\resources\views\maininformation\index.blade.php created  
[2024-05-10 14:03:22] local.INFO: File : C:\htdocs\arter2\resources\views\maininformation\edit.blade.php created  
[2024-05-10 14:03:22] local.INFO: File : C:\htdocs\arter2\resources\views\maininformation\create.blade.php created  
[2024-05-10 14:07:06] local.INFO: File : C:\htdocs\arter2\App\Http\Controllers\SliderController.php created  
[2024-05-10 14:07:06] local.INFO: File : C:\htdocs\arter2\App\Repositories\SliderRepository.php created  
[2024-05-10 14:07:06] local.INFO: File : C:\htdocs\arter2\App\Models\Slider.php created  
[2024-05-10 14:07:06] local.INFO: File : C:\htdocs\arter2\database\migrations\1715335626_create_slider_table.php created  
[2024-05-10 14:07:06] local.INFO: File : C:\htdocs\arter2\App\Http\Requests\\Slider\StoreSliderRequest.php created  
[2024-05-10 14:07:06] local.INFO: File : C:\htdocs\arter2\App\Http\Requests\\Slider\UpdateSliderRequest.php created  
[2024-05-10 14:07:06] local.INFO: File : C:\htdocs\arter2\resources\views\slider\index.blade.php created  
[2024-05-10 14:07:06] local.INFO: File : C:\htdocs\arter2\resources\views\slider\edit.blade.php created  
[2024-05-10 14:07:06] local.INFO: File : C:\htdocs\arter2\resources\views\slider\create.blade.php created  
[2024-05-10 14:07:55] local.INFO: File : C:\htdocs\arter2\App\Http\Controllers\CityController.php created  
[2024-05-10 14:07:55] local.INFO: File : C:\htdocs\arter2\App\Repositories\CityRepository.php created  
[2024-05-10 14:07:55] local.INFO: File : C:\htdocs\arter2\App\Models\City.php created  
[2024-05-10 14:07:55] local.INFO: File : C:\htdocs\arter2\database\migrations\1715335675_create_city_table.php created  
[2024-05-10 14:07:55] local.INFO: File : C:\htdocs\arter2\App\Http\Requests\\City\StoreCityRequest.php created  
[2024-05-10 14:07:55] local.INFO: File : C:\htdocs\arter2\App\Http\Requests\\City\UpdateCityRequest.php created  
[2024-05-10 14:07:55] local.INFO: File : C:\htdocs\arter2\resources\views\city\index.blade.php created  
[2024-05-10 14:07:55] local.INFO: File : C:\htdocs\arter2\resources\views\city\edit.blade.php created  
[2024-05-10 14:07:55] local.INFO: File : C:\htdocs\arter2\resources\views\city\create.blade.php created  
[2024-05-10 14:31:25] local.INFO: File : C:\htdocs\arter2\App\Http\Controllers\CategoryController.php created  
[2024-05-10 14:31:25] local.INFO: File : C:\htdocs\arter2\App\Repositories\CategoryRepository.php created  
[2024-05-10 14:31:25] local.INFO: File : C:\htdocs\arter2\App\Models\Category.php created  
[2024-05-10 14:31:25] local.INFO: File : C:\htdocs\arter2\database\migrations\1715337085_create_category_table.php created  
[2024-05-10 14:31:25] local.INFO: File : C:\htdocs\arter2\App\Http\Requests\\Category\StoreCategoryRequest.php created  
[2024-05-10 14:31:25] local.INFO: File : C:\htdocs\arter2\App\Http\Requests\\Category\UpdateCategoryRequest.php created  
[2024-05-10 14:31:25] local.INFO: File : C:\htdocs\arter2\resources\views\category\index.blade.php created  
[2024-05-10 14:31:25] local.INFO: File : C:\htdocs\arter2\resources\views\category\edit.blade.php created  
[2024-05-10 14:31:25] local.INFO: File : C:\htdocs\arter2\resources\views\category\create.blade.php created  
[2024-05-10 14:35:38] local.INFO: File : C:\htdocs\arter2\App\Http\Controllers\ServiceController.php created  
[2024-05-10 14:35:38] local.INFO: File : C:\htdocs\arter2\App\Repositories\ServiceRepository.php created  
[2024-05-10 14:35:38] local.INFO: File : C:\htdocs\arter2\App\Models\Service.php created  
[2024-05-10 14:35:38] local.INFO: File : C:\htdocs\arter2\database\migrations\1715337338_create_service_table.php created  
[2024-05-10 14:35:38] local.INFO: File : C:\htdocs\arter2\App\Http\Requests\\Service\StoreServiceRequest.php created  
[2024-05-10 14:35:38] local.INFO: File : C:\htdocs\arter2\App\Http\Requests\\Service\UpdateServiceRequest.php created  
[2024-05-10 14:35:38] local.INFO: File : C:\htdocs\arter2\resources\views\service\index.blade.php created  
[2024-05-10 14:35:38] local.INFO: File : C:\htdocs\arter2\resources\views\service\edit.blade.php created  
[2024-05-10 14:35:38] local.INFO: File : C:\htdocs\arter2\resources\views\service\create.blade.php created  
[2024-05-10 14:36:25] local.INFO: File : C:\htdocs\arter2\App\Http\Controllers\CustomerController.php created  
[2024-05-10 14:36:25] local.INFO: File : C:\htdocs\arter2\App\Repositories\CustomerRepository.php created  
[2024-05-10 14:36:25] local.INFO: File : C:\htdocs\arter2\App\Models\Customer.php created  
[2024-05-10 14:36:25] local.INFO: File : C:\htdocs\arter2\database\migrations\1715337385_create_customer_table.php created  
[2024-05-10 14:36:25] local.INFO: File : C:\htdocs\arter2\App\Http\Requests\\Customer\StoreCustomerRequest.php created  
[2024-05-10 14:36:25] local.INFO: File : C:\htdocs\arter2\App\Http\Requests\\Customer\UpdateCustomerRequest.php created  
[2024-05-10 14:36:25] local.INFO: File : C:\htdocs\arter2\resources\views\customer\index.blade.php created  
[2024-05-10 14:36:25] local.INFO: File : C:\htdocs\arter2\resources\views\customer\edit.blade.php created  
[2024-05-10 14:36:25] local.INFO: File : C:\htdocs\arter2\resources\views\customer\create.blade.php created  
[2024-05-13 12:43:50] local.INFO: File : C:\xampp\htdocs\bcg\App\Http\Controllers\CertificateController.php created  
[2024-05-13 12:43:50] local.INFO: File : C:\xampp\htdocs\bcg\App\Repositories\CertificateRepository.php created  
[2024-05-13 12:43:50] local.INFO: File : C:\xampp\htdocs\bcg\App\Models\Certificate.php created  
[2024-05-13 12:43:50] local.INFO: File : C:\xampp\htdocs\bcg\database\migrations\1715589830_create_certificate_table.php created  
[2024-05-13 12:43:50] local.INFO: File : C:\xampp\htdocs\bcg\App\Http\Requests\\Certificate\StoreCertificateRequest.php created  
[2024-05-13 12:43:50] local.INFO: File : C:\xampp\htdocs\bcg\App\Http\Requests\\Certificate\UpdateCertificateRequest.php created  
[2024-05-13 12:43:50] local.INFO: File : C:\xampp\htdocs\bcg\resources\views\certificate\index.blade.php created  
[2024-05-13 12:43:50] local.INFO: File : C:\xampp\htdocs\bcg\resources\views\certificate\edit.blade.php created  
[2024-05-13 12:43:50] local.INFO: File : C:\xampp\htdocs\bcg\resources\views\certificate\create.blade.php created  
[2024-05-13 12:44:00] local.INFO: File : C:\xampp\htdocs\bcg\App\Http\Controllers\GalleryController.php created  
[2024-05-13 12:44:00] local.INFO: File : C:\xampp\htdocs\bcg\App\Repositories\GalleryRepository.php created  
[2024-05-13 12:44:00] local.INFO: File : C:\xampp\htdocs\bcg\App\Models\Gallery.php created  
[2024-05-13 12:44:00] local.INFO: File : C:\xampp\htdocs\bcg\database\migrations\1715589840_create_gallery_table.php created  
[2024-05-13 12:44:00] local.INFO: File : C:\xampp\htdocs\bcg\App\Http\Requests\\Gallery\StoreGalleryRequest.php created  
[2024-05-13 12:44:00] local.INFO: File : C:\xampp\htdocs\bcg\App\Http\Requests\\Gallery\UpdateGalleryRequest.php created  
[2024-05-13 12:44:00] local.INFO: File : C:\xampp\htdocs\bcg\resources\views\gallery\index.blade.php created  
[2024-05-13 12:44:00] local.INFO: File : C:\xampp\htdocs\bcg\resources\views\gallery\edit.blade.php created  
[2024-05-13 12:44:00] local.INFO: File : C:\xampp\htdocs\bcg\resources\views\gallery\create.blade.php created  
[2024-05-13 12:44:28] local.INFO: File : C:\xampp\htdocs\bcg\App\Http\Controllers\VideoController.php created  
[2024-05-13 12:44:28] local.INFO: File : C:\xampp\htdocs\bcg\App\Repositories\VideoRepository.php created  
[2024-05-13 12:44:28] local.INFO: File : C:\xampp\htdocs\bcg\App\Models\Video.php created  
[2024-05-13 12:44:28] local.INFO: File : C:\xampp\htdocs\bcg\database\migrations\1715589868_create_video_table.php created  
[2024-05-13 12:44:28] local.INFO: File : C:\xampp\htdocs\bcg\App\Http\Requests\\Video\StoreVideoRequest.php created  
[2024-05-13 12:44:28] local.INFO: File : C:\xampp\htdocs\bcg\App\Http\Requests\\Video\UpdateVideoRequest.php created  
[2024-05-13 12:44:28] local.INFO: File : C:\xampp\htdocs\bcg\resources\views\video\index.blade.php created  
[2024-05-13 12:44:28] local.INFO: File : C:\xampp\htdocs\bcg\resources\views\video\edit.blade.php created  
[2024-05-13 12:44:28] local.INFO: File : C:\xampp\htdocs\bcg\resources\views\video\create.blade.php created  
